18/10/14 22:13:05 INFO com.ziyue.Application [Application.java:13:main]: test
18/10/14 22:13:05 INFO internal.util.Version [Version.java:21:background-preinit]: HV000001: Hibernate Validator 6.0.12.Final
18/10/14 22:13:05 INFO com.ziyue.Application [StartupInfoLogger.java:50:main]: Starting Application v1.0-SNAPSHOT on B000000116231C with PID 49255 (/Users/kangjian03/IdeaProjects/website/output/website-1.0-SNAPSHOT.jar started by kangjian03 in /Users/kangjian03/IdeaProjects/website/output)
18/10/14 22:13:05 INFO com.ziyue.Application [SpringApplication.java:680:main]: No active profile set, falling back to default profiles: default
18/10/14 22:13:05 INFO servlet.context.AnnotationConfigServletWebServerApplicationContext [AbstractApplicationContext.java:590:main]: Refreshing org.springframework.boot.web.servlet.context.AnnotationConfigServletWebServerApplicationContext@7276c8cd: startup date [Sun Oct 14 22:13:05 CST 2018]; root of context hierarchy
18/10/14 22:13:07 INFO embedded.tomcat.TomcatWebServer [TomcatWebServer.java:91:main]: Tomcat initialized with port(s): 8080 (http)
18/10/14 22:13:07 INFO web.context.ContextLoader [ServletWebServerApplicationContext.java:285:localhost-startStop-1]: Root WebApplicationContext: initialization completed in 1711 ms
18/10/14 22:13:07 INFO web.servlet.ServletRegistrationBean [ServletRegistrationBean.java:187:localhost-startStop-1]: Servlet dispatcherServlet mapped to [/]
18/10/14 22:13:07 INFO web.servlet.FilterRegistrationBean [AbstractFilterRegistrationBean.java:245:localhost-startStop-1]: Mapping filter: 'characterEncodingFilter' to: [/*]
18/10/14 22:13:07 INFO web.servlet.FilterRegistrationBean [AbstractFilterRegistrationBean.java:245:localhost-startStop-1]: Mapping filter: 'hiddenHttpMethodFilter' to: [/*]
18/10/14 22:13:07 INFO web.servlet.FilterRegistrationBean [AbstractFilterRegistrationBean.java:245:localhost-startStop-1]: Mapping filter: 'httpPutFormContentFilter' to: [/*]
18/10/14 22:13:07 INFO web.servlet.FilterRegistrationBean [AbstractFilterRegistrationBean.java:245:localhost-startStop-1]: Mapping filter: 'requestContextFilter' to: [/*]
18/10/14 22:13:07 INFO servlet.handler.SimpleUrlHandlerMapping [AbstractUrlHandlerMapping.java:373:main]: Mapped URL path [/**/favicon.ico] onto handler of type [class org.springframework.web.servlet.resource.ResourceHttpRequestHandler]
18/10/14 22:13:07 INFO method.annotation.RequestMappingHandlerAdapter [RequestMappingHandlerAdapter.java:588:main]: Looking for @ControllerAdvice: org.springframework.boot.web.servlet.context.AnnotationConfigServletWebServerApplicationContext@7276c8cd: startup date [Sun Oct 14 22:13:05 CST 2018]; root of context hierarchy
18/10/14 22:13:07 INFO method.annotation.RequestMappingHandlerMapping [AbstractHandlerMethodMapping.java:549:main]: Mapped "{[/index.html]}" onto public java.lang.String com.ziyue.controler.ServerContoler.test()
18/10/14 22:13:07 INFO method.annotation.RequestMappingHandlerMapping [AbstractHandlerMethodMapping.java:549:main]: Mapped "{[/]}" onto public java.lang.String com.ziyue.controler.ServerContoler.test0()
18/10/14 22:13:07 INFO method.annotation.RequestMappingHandlerMapping [AbstractHandlerMethodMapping.java:549:main]: Mapped "{[/about.html]}" onto public java.lang.String com.ziyue.controler.ServerContoler.test1()
18/10/14 22:13:07 INFO method.annotation.RequestMappingHandlerMapping [AbstractHandlerMethodMapping.java:549:main]: Mapped "{[/blog-listing.html]}" onto public java.lang.String com.ziyue.controler.ServerContoler.test2()
18/10/14 22:13:07 INFO method.annotation.RequestMappingHandlerMapping [AbstractHandlerMethodMapping.java:549:main]: Mapped "{[/contact-us.html]}" onto public java.lang.String com.ziyue.controler.ServerContoler.test3()
18/10/14 22:13:07 INFO method.annotation.RequestMappingHandlerMapping [AbstractHandlerMethodMapping.java:549:main]: Mapped "{[/faq.html]}" onto public java.lang.String com.ziyue.controler.ServerContoler.test4()
18/10/14 22:13:07 INFO method.annotation.RequestMappingHandlerMapping [AbstractHandlerMethodMapping.java:549:main]: Mapped "{[/error]}" onto public org.springframework.http.ResponseEntity<java.util.Map<java.lang.String, java.lang.Object>> org.springframework.boot.autoconfigure.web.servlet.error.BasicErrorController.error(javax.servlet.http.HttpServletRequest)
18/10/14 22:13:07 INFO method.annotation.RequestMappingHandlerMapping [AbstractHandlerMethodMapping.java:549:main]: Mapped "{[/error],produces=[text/html]}" onto public org.springframework.web.servlet.ModelAndView org.springframework.boot.autoconfigure.web.servlet.error.BasicErrorController.errorHtml(javax.servlet.http.HttpServletRequest,javax.servlet.http.HttpServletResponse)
18/10/14 22:13:07 INFO servlet.handler.SimpleUrlHandlerMapping [AbstractUrlHandlerMapping.java:373:main]: Mapped URL path [/webjars/**] onto handler of type [class org.springframework.web.servlet.resource.ResourceHttpRequestHandler]
18/10/14 22:13:07 INFO servlet.handler.SimpleUrlHandlerMapping [AbstractUrlHandlerMapping.java:373:main]: Mapped URL path [/**] onto handler of type [class org.springframework.web.servlet.resource.ResourceHttpRequestHandler]
18/10/14 22:13:08 INFO web.servlet.WelcomePageHandlerMapping [WelcomePageHandlerMapping.java:61:main]: Adding welcome page template: index
18/10/14 22:13:08 INFO export.annotation.AnnotationMBeanExporter [MBeanExporter.java:433:main]: Registering beans for JMX exposure on startup
18/10/14 22:13:08 INFO embedded.tomcat.TomcatWebServer [TomcatWebServer.java:206:main]: Tomcat started on port(s): 8080 (http) with context path ''
18/10/14 22:13:08 INFO com.ziyue.Application [StartupInfoLogger.java:59:main]: Started Application in 3.039 seconds (JVM running for 3.4)
18/10/14 22:13:13 INFO web.servlet.DispatcherServlet [FrameworkServlet.java:494:http-nio-8080-exec-1]: FrameworkServlet 'dispatcherServlet': initialization started
18/10/14 22:13:13 INFO web.servlet.DispatcherServlet [FrameworkServlet.java:509:http-nio-8080-exec-1]: FrameworkServlet 'dispatcherServlet': initialization completed in 19 ms
