18/10/14 19:59:14 INFO com.ziyue.Application [Application.java:13:main]: test
18/10/14 19:59:14 INFO internal.util.Version [Version.java:21:background-preinit]: HV000001: Hibernate Validator 6.0.12.Final
18/10/14 19:59:14 INFO com.ziyue.Application [StartupInfoLogger.java:50:main]: Starting Application on B000000116231C with PID 45493 (/Users/kangjian03/IdeaProjects/website/target/classes started by kangjian03 in /Users/kangjian03/IdeaProjects/website)
18/10/14 19:59:14 INFO com.ziyue.Application [SpringApplication.java:680:main]: No active profile set, falling back to default profiles: default
18/10/14 19:59:15 INFO servlet.context.AnnotationConfigServletWebServerApplicationContext [AbstractApplicationContext.java:590:main]: Refreshing org.springframework.boot.web.servlet.context.AnnotationConfigServletWebServerApplicationContext@33b37288: startup date [Sun Oct 14 19:59:15 CST 2018]; root of context hierarchy
18/10/14 19:59:16 INFO embedded.tomcat.TomcatWebServer [TomcatWebServer.java:91:main]: Tomcat initialized with port(s): 8080 (http)
18/10/14 19:59:16 INFO web.context.ContextLoader [ServletWebServerApplicationContext.java:285:localhost-startStop-1]: Root WebApplicationContext: initialization completed in 1176 ms
18/10/14 19:59:16 INFO web.servlet.ServletRegistrationBean [ServletRegistrationBean.java:187:localhost-startStop-1]: Servlet dispatcherServlet mapped to [/]
18/10/14 19:59:16 INFO web.servlet.FilterRegistrationBean [AbstractFilterRegistrationBean.java:245:localhost-startStop-1]: Mapping filter: 'characterEncodingFilter' to: [/*]
18/10/14 19:59:16 INFO web.servlet.FilterRegistrationBean [AbstractFilterRegistrationBean.java:245:localhost-startStop-1]: Mapping filter: 'hiddenHttpMethodFilter' to: [/*]
18/10/14 19:59:16 INFO web.servlet.FilterRegistrationBean [AbstractFilterRegistrationBean.java:245:localhost-startStop-1]: Mapping filter: 'httpPutFormContentFilter' to: [/*]
18/10/14 19:59:16 INFO web.servlet.FilterRegistrationBean [AbstractFilterRegistrationBean.java:245:localhost-startStop-1]: Mapping filter: 'requestContextFilter' to: [/*]
18/10/14 19:59:16 INFO servlet.handler.SimpleUrlHandlerMapping [AbstractUrlHandlerMapping.java:373:main]: Mapped URL path [/**/favicon.ico] onto handler of type [class org.springframework.web.servlet.resource.ResourceHttpRequestHandler]
18/10/14 19:59:16 INFO method.annotation.RequestMappingHandlerAdapter [RequestMappingHandlerAdapter.java:588:main]: Looking for @ControllerAdvice: org.springframework.boot.web.servlet.context.AnnotationConfigServletWebServerApplicationContext@33b37288: startup date [Sun Oct 14 19:59:15 CST 2018]; root of context hierarchy
18/10/14 19:59:16 INFO method.annotation.RequestMappingHandlerMapping [AbstractHandlerMethodMapping.java:549:main]: Mapped "{[/]}" onto public java.lang.String com.ziyue.controler.ServerContoler.test()
18/10/14 19:59:16 INFO method.annotation.RequestMappingHandlerMapping [AbstractHandlerMethodMapping.java:549:main]: Mapped "{[/error]}" onto public org.springframework.http.ResponseEntity<java.util.Map<java.lang.String, java.lang.Object>> org.springframework.boot.autoconfigure.web.servlet.error.BasicErrorController.error(javax.servlet.http.HttpServletRequest)
18/10/14 19:59:16 INFO method.annotation.RequestMappingHandlerMapping [AbstractHandlerMethodMapping.java:549:main]: Mapped "{[/error],produces=[text/html]}" onto public org.springframework.web.servlet.ModelAndView org.springframework.boot.autoconfigure.web.servlet.error.BasicErrorController.errorHtml(javax.servlet.http.HttpServletRequest,javax.servlet.http.HttpServletResponse)
18/10/14 19:59:16 INFO servlet.handler.SimpleUrlHandlerMapping [AbstractUrlHandlerMapping.java:373:main]: Mapped URL path [/webjars/**] onto handler of type [class org.springframework.web.servlet.resource.ResourceHttpRequestHandler]
18/10/14 19:59:16 INFO servlet.handler.SimpleUrlHandlerMapping [AbstractUrlHandlerMapping.java:373:main]: Mapped URL path [/**] onto handler of type [class org.springframework.web.servlet.resource.ResourceHttpRequestHandler]
18/10/14 19:59:16 WARN autoconfigure.thymeleaf.ThymeleafAutoConfiguration$DefaultTemplateResolverConfiguration [ThymeleafAutoConfiguration.java:104:main]: Cannot find template location: classpath:/template/ (please add some templates or check your Thymeleaf configuration)
18/10/14 19:59:16 INFO export.annotation.AnnotationMBeanExporter [MBeanExporter.java:433:main]: Registering beans for JMX exposure on startup
18/10/14 19:59:16 INFO autoconfigure.logging.ConditionEvaluationReportLoggingListener [ConditionEvaluationReportLoggingListener.java:101:main]: 

Error starting ApplicationContext. To display the conditions report re-run your application with 'debug' enabled.
18/10/14 19:59:16 ERROR boot.diagnostics.LoggingFailureAnalysisReporter [LoggingFailureAnalysisReporter.java:42:main]: 

***************************
APPLICATION FAILED TO START
***************************

Description:

The Tomcat connector configured to listen on port 8080 failed to start. The port may already be in use or the connector may be misconfigured.

Action:

Verify the connector's configuration, identify and stop any process that's listening on port 8080, or configure this application to listen on another port.

18/10/14 19:59:16 INFO servlet.context.AnnotationConfigServletWebServerApplicationContext [AbstractApplicationContext.java:993:main]: Closing org.springframework.boot.web.servlet.context.AnnotationConfigServletWebServerApplicationContext@33b37288: startup date [Sun Oct 14 19:59:15 CST 2018]; root of context hierarchy
18/10/14 19:59:16 INFO export.annotation.AnnotationMBeanExporter [MBeanExporter.java:451:main]: Unregistering JMX-exposed beans on shutdown
18/10/14 19:59:16 ERROR com.ziyue.Application [Application.java:16:main]: start service failed
